2025-12-02 14:29:13,274 [INFO] ğŸ’¡ å¼€å‘æ¨¡å¼ï¼šæ‰“å¼€é…ç½®çª—å£ï¼ˆå…³é—­åç¨‹åºç»§ç»­è¿è¡Œï¼‰
2025-12-02 14:29:13,760 [INFO] ğŸ‘€ å¼€å§‹ç›‘å¬: /Users/liufei/lf/ttt/a (é€’å½’: True)
2025-12-02 14:29:35,741 [INFO] ğŸ’¡ å¼€å‘æ¨¡å¼ï¼šæ‰“å¼€é…ç½®çª—å£ï¼ˆå…³é—­åç¨‹åºç»§ç»­è¿è¡Œï¼‰
2025-12-02 14:29:35,746 [INFO] ğŸ‘€ å¼€å§‹ç›‘å¬: /Users/liufei/lf/ttt/a (é€’å½’: True)
2025-12-02 14:30:01,297 [INFO] ğŸ’¡ å¼€å‘æ¨¡å¼ï¼šæ‰“å¼€é…ç½®çª—å£ï¼ˆå…³é—­åç¨‹åºç»§ç»­è¿è¡Œï¼‰
2025-12-02 14:30:01,301 [INFO] ğŸ‘€ å¼€å§‹ç›‘å¬: /Users/liufei/lf/ttt/a (é€’å½’: True)
2025-12-02 14:30:53,430 [INFO] ğŸ’¡ å¼€å‘æ¨¡å¼ï¼šæ‰“å¼€é…ç½®çª—å£ï¼ˆå…³é—­åç¨‹åºç»§ç»­è¿è¡Œï¼‰
2025-12-02 14:30:53,449 [INFO] ğŸ‘€ å¼€å§‹ç›‘å¬: /Users/liufei/lf/ttt/a (é€’å½’: True)
2025-12-02 14:37:28,339 [INFO] ğŸ’¡ å¼€å‘æ¨¡å¼ï¼šå¯åŠ¨æ‰˜ç›˜ï¼ˆå¸¦é…ç½®çª—å£æ”¯æŒï¼‰
2025-12-02 14:37:28,347 [INFO] ğŸ‘€ å¼€å§‹ç›‘å¬: /Users/liufei/lf/ttt/a (é€’å½’: True)
2025-12-02 14:39:45,869 [INFO] ğŸ–¥ï¸ å¯åŠ¨ç³»ç»Ÿæ‰˜ç›˜å›¾æ ‡ï¼ˆä¸»çº¿ç¨‹ï¼‰...
2025-12-02 14:39:45,894 [INFO] ğŸ‘€ å¼€å§‹ç›‘å¬: /Users/liufei/lf/ttt/a (é€’å½’: True)
2025-12-02 14:40:36,015 [INFO] ğŸ–¥ï¸ å¯åŠ¨ç³»ç»Ÿæ‰˜ç›˜å›¾æ ‡ï¼ˆä¸»çº¿ç¨‹ï¼‰...
2025-12-02 14:40:36,045 [INFO] ğŸ‘€ å¼€å§‹ç›‘å¬: /Users/liufei/lf/ttt/a (é€’å½’: True)
2025-12-02 14:40:52,641 [INFO] ğŸ–¥ï¸ å¯åŠ¨ç³»ç»Ÿæ‰˜ç›˜å›¾æ ‡ï¼ˆä¸»çº¿ç¨‹ï¼‰...
2025-12-02 14:40:52,663 [INFO] ğŸ‘€ å¼€å§‹ç›‘å¬: /Users/liufei/lf/ttt/a (é€’å½’: True)
2025-12-02 14:41:46,868 [INFO] ğŸ–¥ï¸ å¯åŠ¨ç³»ç»Ÿæ‰˜ç›˜å›¾æ ‡ï¼ˆä¸»çº¿ç¨‹ï¼‰...
2025-12-02 14:41:46,902 [INFO] ğŸ‘€ å¼€å§‹ç›‘å¬: /Users/liufei/lf/ttt/a (é€’å½’: True)
2025-12-02 14:42:27,079 [INFO] ğŸ‘€ å¼€å§‹ç›‘å¬: /Users/liufei/lf/ttt/a (é€’å½’: True)
2025-12-02 14:42:27,184 [INFO] ğŸ–¥ï¸ å¯åŠ¨ç³»ç»Ÿæ‰˜ç›˜å›¾æ ‡ï¼ˆä¸»çº¿ç¨‹ï¼‰...
2025-12-02 14:42:50,068 [INFO] ğŸ–¥ï¸ å¯åŠ¨ç³»ç»Ÿæ‰˜ç›˜å›¾æ ‡ï¼ˆä¸»çº¿ç¨‹ï¼‰...
2025-12-02 14:42:50,178 [INFO] ğŸ‘€ å¼€å§‹ç›‘å¬: /Users/liufei/lf/ttt/a (é€’å½’: True)
2025-12-02 14:43:00,270 [INFO] ğŸ‘€ å¼€å§‹ç›‘å¬: /Users/liufei/lf/ttt/a (é€’å½’: True)
2025-12-02 14:43:00,374 [INFO] ğŸ–¥ï¸ å¯åŠ¨ç³»ç»Ÿæ‰˜ç›˜å›¾æ ‡ï¼ˆä¸»çº¿ç¨‹ï¼‰...
2025-12-02 14:43:52,915 [INFO] ğŸ‘€ å¼€å§‹ç›‘å¬: /Users/liufei/lf/ttt/a (é€’å½’: True)
2025-12-02 14:44:14,237 [INFO] ğŸ–¥ï¸ å¯åŠ¨ç³»ç»Ÿæ‰˜ç›˜å›¾æ ‡ï¼ˆä¸»çº¿ç¨‹ï¼‰...
2025-12-02 14:44:14,319 [INFO] ğŸ‘€ å¼€å§‹ç›‘å¬: /Users/liufei/lf/ttt/a (é€’å½’: True)
2025-12-02 14:44:18,658 [INFO] ğŸ–¥ï¸ å¯åŠ¨ç³»ç»Ÿæ‰˜ç›˜å›¾æ ‡ï¼ˆä¸»çº¿ç¨‹ï¼‰...
2025-12-02 14:44:18,686 [INFO] ğŸ‘€ å¼€å§‹ç›‘å¬: /Users/liufei/lf/ttt/a (é€’å½’: True)
2025-12-02 14:44:23,078 [INFO] ğŸ–¥ï¸ å¯åŠ¨ç³»ç»Ÿæ‰˜ç›˜å›¾æ ‡ï¼ˆä¸»çº¿ç¨‹ï¼‰...
2025-12-02 14:44:23,124 [INFO] ğŸ‘€ å¼€å§‹ç›‘å¬: /Users/liufei/lf/ttt/a (é€’å½’: True)
2025-12-02 14:44:46,196 [INFO] ğŸ–¥ï¸ å¯åŠ¨ç³»ç»Ÿæ‰˜ç›˜å›¾æ ‡ï¼ˆä¸»çº¿ç¨‹ï¼‰...
2025-12-02 14:44:46,223 [INFO] ğŸ‘€ å¼€å§‹ç›‘å¬: /Users/liufei/lf/ttt/a (é€’å½’: True)
2025-12-02 14:44:56,117 [INFO] ğŸ–¥ï¸ å¯åŠ¨ç³»ç»Ÿæ‰˜ç›˜å›¾æ ‡ï¼ˆä¸»çº¿ç¨‹ï¼‰...
2025-12-02 14:44:56,155 [INFO] ğŸ‘€ å¼€å§‹ç›‘å¬: /Users/liufei/lf/ttt/a (é€’å½’: True)
2025-12-02 14:45:22,006 [INFO] ğŸ–¥ï¸ å¯åŠ¨ç³»ç»Ÿæ‰˜ç›˜å›¾æ ‡ï¼ˆä¸»çº¿ç¨‹ï¼‰...
2025-12-02 14:45:22,051 [INFO] ğŸ‘€ å¼€å§‹ç›‘å¬: /Users/liufei/lf/ttt/a (é€’å½’: True)
2025-12-02 14:47:29,119 [INFO] ğŸ–¥ï¸ å¯åŠ¨ç³»ç»Ÿæ‰˜ç›˜å›¾æ ‡ï¼ˆä¸»çº¿ç¨‹ï¼‰...
2025-12-02 14:47:29,180 [INFO] ğŸ‘€ å¼€å§‹ç›‘å¬: /Users/liufei/lf/ttt/a (é€’å½’: True)
2025-12-02 14:47:53,620 [INFO] ğŸ–¥ï¸ å¯åŠ¨ç³»ç»Ÿæ‰˜ç›˜å›¾æ ‡ï¼ˆä¸»çº¿ç¨‹ï¼‰...
2025-12-02 14:47:53,645 [INFO] ğŸ‘€ å¼€å§‹ç›‘å¬: /Users/liufei/lf/ttt/a (é€’å½’: True)
2025-12-02 14:50:52,222 [INFO] ğŸ–¥ï¸ å¯åŠ¨ç³»ç»Ÿæ‰˜ç›˜å›¾æ ‡ï¼ˆä¸»çº¿ç¨‹ï¼‰...
2025-12-02 14:50:52,340 [INFO] ğŸ‘€ å¼€å§‹ç›‘å¬: /Users/liufei/lf/ttt/a (é€’å½’: True)
2025-12-02 14:52:02,339 [INFO] ğŸ–¥ï¸ å¯åŠ¨ç³»ç»Ÿæ‰˜ç›˜å›¾æ ‡ï¼ˆä¸»çº¿ç¨‹ï¼‰...
2025-12-02 14:52:02,380 [INFO] ğŸ‘€ å¼€å§‹ç›‘å¬: /Users/liufei/lf/ttt/a (é€’å½’: True)
2025-12-02 14:52:11,408 [INFO] ğŸ–¥ï¸ å¯åŠ¨ç³»ç»Ÿæ‰˜ç›˜å›¾æ ‡ï¼ˆä¸»çº¿ç¨‹ï¼‰...
2025-12-02 14:52:11,441 [INFO] ğŸ‘€ å¼€å§‹ç›‘å¬: /Users/liufei/lf/ttt/a (é€’å½’: True)
2025-12-02 14:53:02,281 [INFO] ğŸ–¥ï¸ å¯åŠ¨ç³»ç»Ÿæ‰˜ç›˜å›¾æ ‡ï¼ˆä¸»çº¿ç¨‹ï¼‰...
2025-12-02 14:53:02,317 [INFO] ğŸ‘€ å¼€å§‹ç›‘å¬: /Users/liufei/lf/ttt/a (é€’å½’: True)
2025-12-02 14:56:24,246 [INFO] ğŸ“¥ æ£€æµ‹åˆ°æ–°æ–‡ä»¶: /Users/liufei/lf/ttt/a/åŒ—äº¬å¸‚å¯†äº‘åŒºå¦‡å¹¼ä¿å¥é™¢æ£€éªŒæŠ¥å‘Šå•_1_2025111111111.pdf
2025-12-02 14:56:26,404 [ERROR] âš ï¸ ä¸Šä¼ å¼‚å¸¸ (åŒ—äº¬å¸‚å¯†äº‘åŒºå¦‡å¹¼ä¿å¥é™¢æ£€éªŒæŠ¥å‘Šå•_1_2025111111111.pdf): Expecting value: line 1 column 1 (char 0)
Traceback (most recent call last):
  File "/Library/Frameworks/Python.framework/Versions/3.14/lib/python3.14/site-packages/requests/models.py", line 976, in json
    return complexjson.loads(self.text, **kwargs)
           ~~~~~~~~~~~~~~~~~^^^^^^^^^^^^^^^^^^^^^
  File "/Library/Frameworks/Python.framework/Versions/3.14/lib/python3.14/json/__init__.py", line 346, in loads
    return _default_decoder.decode(s)
           ~~~~~~~~~~~~~~~~~~~~~~~^^^
  File "/Library/Frameworks/Python.framework/Versions/3.14/lib/python3.14/json/decoder.py", line 345, in decode
    obj, end = self.raw_decode(s, idx=_w(s, 0).end())
               ~~~~~~~~~~~~~~~^^^^^^^^^^^^^^^^^^^^^^^
  File "/Library/Frameworks/Python.framework/Versions/3.14/lib/python3.14/json/decoder.py", line 363, in raw_decode
    raise JSONDecodeError("Expecting value", s, err.value) from None
json.decoder.JSONDecodeError: Expecting value: line 1 column 1 (char 0)

During handling of the above exception, another exception occurred:

Traceback (most recent call last):
  File "/Users/liufei/lf/tj-upFile/main.py", line 91, in upload_file
    result = resp.json()
  File "/Library/Frameworks/Python.framework/Versions/3.14/lib/python3.14/site-packages/requests/models.py", line 980, in json
    raise RequestsJSONDecodeError(e.msg, e.doc, e.pos)
requests.exceptions.JSONDecodeError: Expecting value: line 1 column 1 (char 0)
2025-12-02 15:01:40,297 [INFO] ğŸ–¥ï¸ å¯åŠ¨ç³»ç»Ÿæ‰˜ç›˜å›¾æ ‡ï¼ˆä¸»çº¿ç¨‹ï¼‰...
2025-12-02 15:01:40,512 [INFO] ğŸ‘€ å¼€å§‹ç›‘å¬: /Users/liufei/lf/ttt/a (é€’å½’: True)
2025-12-02 15:02:49,974 [INFO] ğŸ“¥ æ£€æµ‹åˆ°æ–°æ–‡ä»¶: /Users/liufei/lf/ttt/a/åŒ—äº¬å¸‚å¯†äº‘åŒºå¦‡å¹¼ä¿å¥é™¢æ£€éªŒæŠ¥å‘Šå•_1_2025111111111.pdf
2025-12-02 15:02:55,098 [ERROR] âŒ ä¸Šä¼ å¤±è´¥ (åŒ—äº¬å¸‚å¯†äº‘åŒºå¦‡å¹¼ä¿å¥é™¢æ£€éªŒæŠ¥å‘Šå•_1_2025111111111.pdf): {'head': {'errCode': 901191, 'errMsg': 'tokenéæ³•ï¼Œæ— æ³•è§£å¯†!'}, 'data': {}}
2025-12-02 15:05:34,165 [INFO] ğŸ“¥ æ£€æµ‹åˆ°æ–°æ–‡ä»¶: /Users/liufei/lf/ttt/a/åŒ—äº¬å¸‚å¯†äº‘åŒºå¦‡å¹¼ä¿å¥é™¢æ£€éªŒæŠ¥å‘Šå•_1_2025111111111.pdf
2025-12-02 15:05:35,283 [ERROR] âŒ ä¸Šä¼ å¤±è´¥ (åŒ—äº¬å¸‚å¯†äº‘åŒºå¦‡å¹¼ä¿å¥é™¢æ£€éªŒæŠ¥å‘Šå•_1_2025111111111.pdf): {'head': {'errCode': 901191, 'errMsg': 'tokenéæ³•ï¼Œæ— æ³•è§£å¯†!'}, 'data': {}}
2025-12-02 15:09:05,706 [INFO] ğŸ–¥ï¸ å¯åŠ¨ç³»ç»Ÿæ‰˜ç›˜å›¾æ ‡ï¼ˆä¸»çº¿ç¨‹ï¼‰...
2025-12-02 15:09:05,829 [INFO] ğŸ‘€ å¼€å§‹ç›‘å¬: /Users/liufei/lf/ttt/a (é€’å½’: True)
2025-12-02 15:09:12,995 [INFO] ğŸ“¥ æ£€æµ‹åˆ°æ–°æ–‡ä»¶: /Users/liufei/lf/ttt/a/åŒ—äº¬å¸‚å¯†äº‘åŒºå¦‡å¹¼ä¿å¥é™¢æ£€éªŒæŠ¥å‘Šå•_1_2025111111111.pdf
2025-12-02 15:09:14,758 [ERROR] âŒ ä¸Šä¼ å¤±è´¥ (åŒ—äº¬å¸‚å¯†äº‘åŒºå¦‡å¹¼ä¿å¥é™¢æ£€éªŒæŠ¥å‘Šå•_1_2025111111111.pdf): {'head': {'errMsg': 'Could not open JPA EntityManager for transaction; nested exception is java.lang.NullPointerException', 'errCode': 8}, 'data': None}
2025-12-02 15:10:20,674 [INFO] â¹ï¸ ç›‘å¬å·²åœæ­¢
2025-12-02 15:13:02,591 [INFO] ğŸ–¥ï¸ å¯åŠ¨ç³»ç»Ÿæ‰˜ç›˜å›¾æ ‡ï¼ˆä¸»çº¿ç¨‹ï¼‰...
2025-12-02 15:13:02,704 [INFO] ğŸ‘€ å¼€å§‹ç›‘å¬: /Users/liufei/lf/ttt/a (é€’å½’: True)
2025-12-02 15:16:47,102 [INFO] ğŸ–¥ï¸ å¯åŠ¨ç³»ç»Ÿæ‰˜ç›˜å›¾æ ‡ï¼ˆä¸»çº¿ç¨‹ï¼‰...
2025-12-02 15:16:47,263 [INFO] ğŸ‘€ å¼€å§‹ç›‘å¬: /Users/liufei/lf/ttt/a (é€’å½’: True)
2025-12-02 15:17:31,322 [INFO] ğŸ–¥ï¸ å¯åŠ¨ç³»ç»Ÿæ‰˜ç›˜å›¾æ ‡ï¼ˆä¸»çº¿ç¨‹ï¼‰...
2025-12-02 15:17:31,432 [INFO] ğŸ‘€ å¼€å§‹ç›‘å¬: /Users/liufei/lf/ttt/a (é€’å½’: True)
2025-12-02 15:17:39,359 [INFO] â¹ï¸ ç›‘å¬å·²åœæ­¢
2025-12-02 15:18:20,902 [INFO] ğŸ–¥ï¸ å¯åŠ¨ç³»ç»Ÿæ‰˜ç›˜å›¾æ ‡ï¼ˆä¸»çº¿ç¨‹ï¼‰...
2025-12-02 15:18:20,948 [INFO] ğŸ‘€ å¼€å§‹ç›‘å¬: /Users/liufei/lf/ttt/a (é€’å½’: True)
2025-12-02 15:18:45,200 [INFO] ğŸ–¥ï¸ å¯åŠ¨ç³»ç»Ÿæ‰˜ç›˜å›¾æ ‡ï¼ˆä¸»çº¿ç¨‹ï¼‰...
2025-12-02 15:18:45,261 [INFO] ğŸ‘€ å¼€å§‹ç›‘å¬: /Users/liufei/lf/ttt/a (é€’å½’: True)
2025-12-02 18:05:12,904 [INFO] ğŸ–¥ï¸ å¯åŠ¨ç³»ç»Ÿæ‰˜ç›˜å›¾æ ‡ï¼ˆä¸»çº¿ç¨‹ï¼‰...
2025-12-02 18:05:13,030 [INFO] ğŸ‘€ å¼€å§‹ç›‘å¬: /Users/liufei/lf/ttt/a (é€’å½’: True)
2025-12-02 18:05:21,605 [INFO] ğŸ–¥ï¸ å¯åŠ¨ç³»ç»Ÿæ‰˜ç›˜å›¾æ ‡ï¼ˆä¸»çº¿ç¨‹ï¼‰...
2025-12-02 18:05:21,683 [INFO] ğŸ‘€ å¼€å§‹ç›‘å¬: /Users/liufei/lf/ttt/a (é€’å½’: True)
2025-12-02 18:08:36,359 [INFO] ğŸ–¥ï¸ å¯åŠ¨ç³»ç»Ÿæ‰˜ç›˜å›¾æ ‡ï¼ˆä¸»çº¿ç¨‹ï¼‰...
2025-12-02 18:08:36,419 [INFO] ğŸ‘€ å¼€å§‹ç›‘å¬: /Users/liufei/lf/ttt/a (é€’å½’: True)
2025-12-02 18:08:43,733 [INFO] ğŸ–¥ï¸ å¯åŠ¨ç³»ç»Ÿæ‰˜ç›˜å›¾æ ‡ï¼ˆä¸»çº¿ç¨‹ï¼‰...
2025-12-02 18:08:43,773 [INFO] ğŸ‘€ å¼€å§‹ç›‘å¬: /Users/liufei/lf/ttt/a (é€’å½’: True)
2025-12-02 18:09:40,538 [INFO] ğŸ–¥ï¸ å¯åŠ¨ç³»ç»Ÿæ‰˜ç›˜å›¾æ ‡ï¼ˆä¸»çº¿ç¨‹ï¼‰...
2025-12-02 18:09:40,573 [INFO] ğŸ‘€ å¼€å§‹ç›‘å¬: /Users/liufei/lf/ttt/a (é€’å½’: True)
2025-12-02 18:10:09,075 [INFO] ğŸ–¥ï¸ å¯åŠ¨ç³»ç»Ÿæ‰˜ç›˜å›¾æ ‡ï¼ˆä¸»çº¿ç¨‹ï¼‰...
2025-12-02 18:10:09,110 [INFO] ğŸ‘€ å¼€å§‹ç›‘å¬: /Users/liufei/lf/ttt/a (é€’å½’: True)
2025-12-02 18:10:17,038 [INFO] ğŸ–¥ï¸ å¯åŠ¨ç³»ç»Ÿæ‰˜ç›˜å›¾æ ‡ï¼ˆä¸»çº¿ç¨‹ï¼‰...
2025-12-02 18:10:17,085 [INFO] ğŸ‘€ å¼€å§‹ç›‘å¬: /Users/liufei/lf/ttt/a (é€’å½’: True)
2025-12-02 18:10:27,470 [INFO] â¹ï¸ ç›‘å¬å·²åœæ­¢
2025-12-02 18:11:12,322 [INFO] ğŸ–¥ï¸ å¯åŠ¨ç³»ç»Ÿæ‰˜ç›˜å›¾æ ‡ï¼ˆä¸»çº¿ç¨‹ï¼‰...
2025-12-02 18:11:12,374 [INFO] ğŸ‘€ å¼€å§‹ç›‘å¬: /Users/liufei/lf/ttt/a (é€’å½’: True)
2025-12-02 18:11:34,028 [INFO] â¹ï¸ ç›‘å¬å·²åœæ­¢
2025-12-02 18:13:57,017 [INFO] ğŸ–¥ï¸ å¯åŠ¨ç³»ç»Ÿæ‰˜ç›˜å›¾æ ‡ï¼ˆä¸»çº¿ç¨‹ï¼‰...
2025-12-02 18:13:57,052 [INFO] ğŸ‘€ å¼€å§‹ç›‘å¬: /Users/liufei/lf/ttt/a (é€’å½’: True)
2025-12-02 18:14:02,779 [INFO] ğŸ–¥ï¸ å¯åŠ¨ç³»ç»Ÿæ‰˜ç›˜å›¾æ ‡ï¼ˆä¸»çº¿ç¨‹ï¼‰...
2025-12-02 18:14:02,844 [INFO] ğŸ‘€ å¼€å§‹ç›‘å¬: /Users/liufei/lf/ttt/a (é€’å½’: True)
2025-12-02 18:35:55,691 [INFO] ğŸ–¥ï¸ å¯åŠ¨ç³»ç»Ÿæ‰˜ç›˜å›¾æ ‡ï¼ˆä¸»çº¿ç¨‹ï¼‰...
2025-12-02 18:35:55,755 [INFO] ğŸ‘€ å¼€å§‹ç›‘å¬: /Users/liufei/lf/ttt/a (é€’å½’: True)
2025-12-02 18:36:18,238 [INFO] â¹ï¸ ç›‘å¬å·²åœæ­¢
2025-12-03 09:40:23,504 [INFO] ğŸ–¥ï¸ å¯åŠ¨ç³»ç»Ÿæ‰˜ç›˜å›¾æ ‡ï¼ˆä¸»çº¿ç¨‹ï¼‰...
2025-12-03 09:40:23,688 [INFO] ğŸ‘€ å¼€å§‹ç›‘å¬: /Users/liufei/lf/ttt/a (é€’å½’: True)
2025-12-03 09:40:55,765 [INFO] â¹ï¸ ç›‘å¬å·²åœæ­¢
